<?xml version="1.0" encoding="UTF-8"?>
<testng-results ignored="0" total="0" passed="0" failed="0" skipped="0">
  <reporter-output>
  </reporter-output>
  <suite started-at="2025-04-06T13:59:10 EEST" name="HW18.CalculatorTest" finished-at="2025-04-06T13:59:10 EEST" duration-ms="10">
    <groups>
    </groups>
    <test started-at="2025-04-06T13:59:10 EEST" name="Command line test" finished-at="2025-04-06T13:59:10 EEST" duration-ms="10">
    </test> <!-- Command line test -->
  </suite> <!-- HW18.CalculatorTest -->
</testng-results>
